2013-09-25 21:19:34,374 [ModalContext] INFO  c.n.h.c.p.n.NettyAsyncHttpProvider - Number of application's worked threads is 4
2013-09-25 21:19:35,300 [New I/O client worker #1-1] INFO  o.e.m.c.i.e.AbstractTransferListenerAdapter - Downloading http://repo.maven.apache.org/maven2/org/apache/maven/archetypes/maven-archetype-webapp/maven-metadata.xml
2013-09-25 21:19:35,308 [New I/O client worker #1-1] INFO  o.e.m.c.i.e.AbstractTransferListenerAdapter - Downloaded http://repo.maven.apache.org/maven2/org/apache/maven/archetypes/maven-archetype-webapp/maven-metadata.xml
2013-09-25 21:19:35,725 [ModalContext] INFO  c.n.h.c.p.n.NettyAsyncHttpProvider - Number of application's worked threads is 4
2013-09-25 21:19:36,264 [New I/O client worker #2-1] INFO  o.e.m.c.i.e.AbstractTransferListenerAdapter - Downloading http://repo.maven.apache.org/maven2/org/apache/maven/archetypes/maven-archetype-webapp/1.0/maven-archetype-webapp-1.0.jar
2013-09-25 21:19:36,266 [New I/O client worker #2-1] INFO  o.e.m.c.i.e.AbstractTransferListenerAdapter - Downloaded http://repo.maven.apache.org/maven2/org/apache/maven/archetypes/maven-archetype-webapp/1.0/maven-archetype-webapp-1.0.jar
2013-09-25 21:20:08,933 [Worker-20] INFO  c.n.h.c.p.n.NettyAsyncHttpProvider - Number of application's worked threads is 4
2013-09-25 21:20:09,514 [New I/O client worker #3-1] INFO  o.e.m.c.i.e.AbstractTransferListenerAdapter - Downloading http://repo.maven.apache.org/maven2/org/apache/maven/archetypes/maven-archetype-webapp/1.0/maven-archetype-webapp-1.0.pom
2013-09-25 21:20:09,516 [New I/O client worker #3-1] INFO  o.e.m.c.i.e.AbstractTransferListenerAdapter - Downloaded http://repo.maven.apache.org/maven2/org/apache/maven/archetypes/maven-archetype-webapp/1.0/maven-archetype-webapp-1.0.pom
2013-09-25 21:20:09,858 [pool-5-thread-1] INFO  o.e.m.c.i.e.AbstractTransferListenerAdapter - Downloaded file:///C:/Users/sudheer/.m2/repository/org/apache/maven/archetypes/maven-archetype-webapp/1.0/maven-archetype-webapp-1.0.jar
2013-09-25 21:20:09,954 [Worker-20] INFO  o.e.m.c.i.p.ProjectConfigurationManager - Collecting project info '/pom.xml' D:\core-java\CoreJava\JDBC\JDBCIntegration\com.sudheer.jdbc\pom.xml
2013-09-25 21:20:11,073 [Worker-20] INFO  c.n.h.c.p.n.NettyAsyncHttpProvider - Number of application's worked threads is 4
2013-09-25 21:20:11,609 [New I/O client worker #4-1] INFO  o.e.m.c.i.e.AbstractTransferListenerAdapter - Downloading http://repo.maven.apache.org/maven2/org/apache/maven/plugins/maven-war-plugin/2.1.1/maven-war-plugin-2.1.1.jar
2013-09-25 21:20:12,663 [New I/O client worker #4-1] INFO  o.e.m.c.i.e.AbstractTransferListenerAdapter - Downloaded http://repo.maven.apache.org/maven2/org/apache/maven/plugins/maven-war-plugin/2.1.1/maven-war-plugin-2.1.1.jar
2013-09-25 21:20:16,546 [Worker-20] INFO  o.e.m.c.i.l.LifecycleMappingFactory - Using org.maven.ide.eclipse.wtp.WarLifecycleMapping lifecycle mapping for MavenProject: JSF-JDBC-Integration:com.sudheer.jdbc:0.0.1-SNAPSHOT @ D:\core-java\CoreJava\JDBC\JDBCIntegration\com.sudheer.jdbc\pom.xml.
2013-09-25 21:20:17,152 [Worker-20] INFO  c.n.h.c.p.n.NettyAsyncHttpProvider - Number of application's worked threads is 4
2013-09-25 21:20:17,678 [New I/O client worker #5-1] INFO  o.e.m.c.i.e.AbstractTransferListenerAdapter - Downloading http://repo.maven.apache.org/maven2/org/apache/maven/plugins/maven-war-plugin/2.1.1/maven-war-plugin-2.1.1.pom
2013-09-25 21:20:17,679 [New I/O client worker #5-1] INFO  o.e.m.c.i.e.AbstractTransferListenerAdapter - Downloaded http://repo.maven.apache.org/maven2/org/apache/maven/plugins/maven-war-plugin/2.1.1/maven-war-plugin-2.1.1.pom
2013-09-25 21:20:18,017 [Worker-10] INFO  o.e.m.c.i.l.LifecycleMappingFactory - Using org.maven.ide.eclipse.wtp.WarLifecycleMapping lifecycle mapping for MavenProject: JSF-JDBC-Integration:com.sudheer.jdbc:0.0.1-SNAPSHOT @ D:\core-java\CoreJava\JDBC\JDBCIntegration\com.sudheer.jdbc\pom.xml.
2013-09-25 21:20:19,391 [Worker-20] INFO  o.e.m.j.i.AbstractJavaProjectConfigurator - Adding source folder /com.sudheer.jdbc/src/main/java
2013-09-25 21:20:19,391 [Worker-20] INFO  o.e.m.j.i.AbstractJavaProjectConfigurator - Adding resource folder /com.sudheer.jdbc/src/main/resources
2013-09-25 21:20:19,392 [Worker-20] INFO  o.e.m.j.i.AbstractJavaProjectConfigurator - Adding source folder /com.sudheer.jdbc/src/test/java
2013-09-25 21:20:19,730 [Worker-20] INFO  o.e.m.c.i.p.ProjectConfigurationManager - Project import completed 9 sec
2013-09-25 21:20:21,005 [Worker-10] INFO  c.n.h.c.p.n.NettyAsyncHttpProvider - Number of application's worked threads is 4
2013-09-25 21:20:21,515 [New I/O client worker #6-1] INFO  o.e.m.c.i.e.AbstractTransferListenerAdapter - Downloading http://repo.maven.apache.org/maven2/org/apache/maven/maven-archiver/2.4.1/maven-archiver-2.4.1.pom
2013-09-25 21:20:21,517 [New I/O client worker #6-1] INFO  o.e.m.c.i.e.AbstractTransferListenerAdapter - Downloaded http://repo.maven.apache.org/maven2/org/apache/maven/maven-archiver/2.4.1/maven-archiver-2.4.1.pom
2013-09-25 21:20:21,850 [Worker-10] INFO  c.n.h.c.p.n.NettyAsyncHttpProvider - Number of application's worked threads is 4
2013-09-25 21:20:22,360 [New I/O client worker #7-1] INFO  o.e.m.c.i.e.AbstractTransferListenerAdapter - Downloading http://repo.maven.apache.org/maven2/org/apache/maven/shared/maven-shared-components/15/maven-shared-components-15.pom
2013-09-25 21:20:22,369 [New I/O client worker #7-1] INFO  o.e.m.c.i.e.AbstractTransferListenerAdapter - Downloaded http://repo.maven.apache.org/maven2/org/apache/maven/shared/maven-shared-components/15/maven-shared-components-15.pom
2013-09-25 21:20:22,662 [Worker-10] INFO  c.n.h.c.p.n.NettyAsyncHttpProvider - Number of application's worked threads is 4
2013-09-25 21:20:23,192 [New I/O client worker #8-1] INFO  o.e.m.c.i.e.AbstractTransferListenerAdapter - Downloading http://repo.maven.apache.org/maven2/org/codehaus/plexus/plexus-archiver/1.0/plexus-archiver-1.0.pom
2013-09-25 21:20:23,194 [New I/O client worker #8-1] INFO  o.e.m.c.i.e.AbstractTransferListenerAdapter - Downloaded http://repo.maven.apache.org/maven2/org/codehaus/plexus/plexus-archiver/1.0/plexus-archiver-1.0.pom
2013-09-25 21:20:23,482 [Worker-10] INFO  c.n.h.c.p.n.NettyAsyncHttpProvider - Number of application's worked threads is 4
2013-09-25 21:20:23,995 [New I/O client worker #9-1] INFO  o.e.m.c.i.e.AbstractTransferListenerAdapter - Downloading http://repo.maven.apache.org/maven2/org/codehaus/plexus/plexus-components/1.1.17/plexus-components-1.1.17.pom
2013-09-25 21:20:23,996 [New I/O client worker #9-1] INFO  o.e.m.c.i.e.AbstractTransferListenerAdapter - Downloaded http://repo.maven.apache.org/maven2/org/codehaus/plexus/plexus-components/1.1.17/plexus-components-1.1.17.pom
2013-09-25 21:20:24,269 [Worker-10] INFO  c.n.h.c.p.n.NettyAsyncHttpProvider - Number of application's worked threads is 4
2013-09-25 21:20:24,775 [New I/O client worker #10-1] INFO  o.e.m.c.i.e.AbstractTransferListenerAdapter - Downloading http://repo.maven.apache.org/maven2/org/codehaus/plexus/plexus/2.0.5/plexus-2.0.5.pom
2013-09-25 21:20:25,029 [New I/O client worker #10-1] INFO  o.e.m.c.i.e.AbstractTransferListenerAdapter - Downloaded http://repo.maven.apache.org/maven2/org/codehaus/plexus/plexus/2.0.5/plexus-2.0.5.pom
2013-09-25 21:20:25,342 [Worker-10] INFO  c.n.h.c.p.n.NettyAsyncHttpProvider - Number of application's worked threads is 4
2013-09-25 21:20:25,871 [New I/O client worker #11-1] INFO  o.e.m.c.i.e.AbstractTransferListenerAdapter - Downloading http://repo.maven.apache.org/maven2/org/codehaus/plexus/plexus-io/1.0/plexus-io-1.0.pom
2013-09-25 21:20:25,873 [New I/O client worker #11-1] INFO  o.e.m.c.i.e.AbstractTransferListenerAdapter - Downloaded http://repo.maven.apache.org/maven2/org/codehaus/plexus/plexus-io/1.0/plexus-io-1.0.pom
2013-09-25 21:20:26,159 [Worker-10] INFO  c.n.h.c.p.n.NettyAsyncHttpProvider - Number of application's worked threads is 4
2013-09-25 21:20:26,702 [New I/O client worker #12-1] INFO  o.e.m.c.i.e.AbstractTransferListenerAdapter - Downloading http://repo.maven.apache.org/maven2/org/codehaus/plexus/plexus-archiver/1.2/plexus-archiver-1.2.pom
2013-09-25 21:20:26,704 [New I/O client worker #12-1] INFO  o.e.m.c.i.e.AbstractTransferListenerAdapter - Downloaded http://repo.maven.apache.org/maven2/org/codehaus/plexus/plexus-archiver/1.2/plexus-archiver-1.2.pom
2013-09-25 21:20:26,987 [Worker-10] INFO  c.n.h.c.p.n.NettyAsyncHttpProvider - Number of application's worked threads is 4
2013-09-25 21:20:27,515 [New I/O client worker #13-1] INFO  o.e.m.c.i.e.AbstractTransferListenerAdapter - Downloading http://repo.maven.apache.org/maven2/org/codehaus/plexus/plexus-io/1.0.1/plexus-io-1.0.1.pom
2013-09-25 21:20:27,516 [New I/O client worker #13-1] INFO  o.e.m.c.i.e.AbstractTransferListenerAdapter - Downloaded http://repo.maven.apache.org/maven2/org/codehaus/plexus/plexus-io/1.0.1/plexus-io-1.0.1.pom
2013-09-25 21:20:27,793 [Worker-10] INFO  c.n.h.c.p.n.NettyAsyncHttpProvider - Number of application's worked threads is 4
2013-09-25 21:20:28,326 [New I/O client worker #14-1] INFO  o.e.m.c.i.e.AbstractTransferListenerAdapter - Downloading http://repo.maven.apache.org/maven2/com/thoughtworks/xstream/xstream/1.3.1/xstream-1.3.1.pom
2013-09-25 21:20:28,340 [New I/O client worker #14-1] INFO  o.e.m.c.i.e.AbstractTransferListenerAdapter - Downloaded http://repo.maven.apache.org/maven2/com/thoughtworks/xstream/xstream/1.3.1/xstream-1.3.1.pom
2013-09-25 21:20:28,622 [Worker-10] INFO  c.n.h.c.p.n.NettyAsyncHttpProvider - Number of application's worked threads is 4
2013-09-25 21:20:29,131 [New I/O client worker #15-1] INFO  o.e.m.c.i.e.AbstractTransferListenerAdapter - Downloading http://repo.maven.apache.org/maven2/com/thoughtworks/xstream/xstream-parent/1.3.1/xstream-parent-1.3.1.pom
2013-09-25 21:20:29,146 [New I/O client worker #15-1] INFO  o.e.m.c.i.e.AbstractTransferListenerAdapter - Downloaded http://repo.maven.apache.org/maven2/com/thoughtworks/xstream/xstream-parent/1.3.1/xstream-parent-1.3.1.pom
2013-09-25 21:20:29,423 [Worker-10] INFO  c.n.h.c.p.n.NettyAsyncHttpProvider - Number of application's worked threads is 4
2013-09-25 21:20:29,958 [New I/O client worker #16-1] INFO  o.e.m.c.i.e.AbstractTransferListenerAdapter - Downloading http://repo.maven.apache.org/maven2/xpp3/xpp3_min/1.1.4c/xpp3_min-1.1.4c.pom
2013-09-25 21:20:29,960 [New I/O client worker #16-1] INFO  o.e.m.c.i.e.AbstractTransferListenerAdapter - Downloaded http://repo.maven.apache.org/maven2/xpp3/xpp3_min/1.1.4c/xpp3_min-1.1.4c.pom
2013-09-25 21:20:30,243 [Worker-10] INFO  c.n.h.c.p.n.NettyAsyncHttpProvider - Number of application's worked threads is 4
2013-09-25 21:20:30,768 [New I/O client worker #17-1] INFO  o.e.m.c.i.e.AbstractTransferListenerAdapter - Downloading http://repo.maven.apache.org/maven2/org/apache/maven/shared/maven-filtering/1.0-beta-2/maven-filtering-1.0-beta-2.pom
2013-09-25 21:20:30,769 [New I/O client worker #17-1] INFO  o.e.m.c.i.e.AbstractTransferListenerAdapter - Downloaded http://repo.maven.apache.org/maven2/org/apache/maven/shared/maven-filtering/1.0-beta-2/maven-filtering-1.0-beta-2.pom
2013-09-25 21:20:31,093 [Worker-10] INFO  c.n.h.c.p.n.NettyAsyncHttpProvider - Number of application's worked threads is 4
2013-09-25 21:20:31,616 [New I/O client worker #18-1] INFO  o.e.m.c.i.e.AbstractTransferListenerAdapter - Downloading http://repo.maven.apache.org/maven2/org/apache/maven/shared/maven-shared-components/10/maven-shared-components-10.pom
2013-09-25 21:20:31,625 [New I/O client worker #18-1] INFO  o.e.m.c.i.e.AbstractTransferListenerAdapter - Downloaded http://repo.maven.apache.org/maven2/org/apache/maven/shared/maven-shared-components/10/maven-shared-components-10.pom
2013-09-25 21:20:31,905 [Worker-10] INFO  c.n.h.c.p.n.NettyAsyncHttpProvider - Number of application's worked threads is 4
2013-09-25 21:20:32,428 [New I/O client worker #19-1] INFO  o.e.m.c.i.e.AbstractTransferListenerAdapter - Downloading http://repo.maven.apache.org/maven2/org/apache/maven/maven-parent/9/maven-parent-9.pom
2013-09-25 21:20:32,943 [New I/O client worker #19-1] INFO  o.e.m.c.i.e.AbstractTransferListenerAdapter - Downloaded http://repo.maven.apache.org/maven2/org/apache/maven/maven-parent/9/maven-parent-9.pom
2013-09-25 21:20:33,258 [Worker-10] INFO  c.n.h.c.p.n.NettyAsyncHttpProvider - Number of application's worked threads is 4
2013-09-25 21:20:33,796 [New I/O client worker #20-1] INFO  o.e.m.c.i.e.AbstractTransferListenerAdapter - Downloading http://repo.maven.apache.org/maven2/org/codehaus/plexus/plexus-utils/1.5.6/plexus-utils-1.5.6.pom
2013-09-25 21:20:33,797 [New I/O client worker #20-1] INFO  o.e.m.c.i.e.AbstractTransferListenerAdapter - Downloaded http://repo.maven.apache.org/maven2/org/codehaus/plexus/plexus-utils/1.5.6/plexus-utils-1.5.6.pom
2013-09-25 21:20:34,113 [Worker-10] INFO  c.n.h.c.p.n.NettyAsyncHttpProvider - Number of application's worked threads is 4
2013-09-25 21:20:34,642 [New I/O client worker #21-1] INFO  o.e.m.c.i.e.AbstractTransferListenerAdapter - Downloading http://repo.maven.apache.org/maven2/org/codehaus/plexus/plexus/1.0.12/plexus-1.0.12.pom
2013-09-25 21:20:34,653 [New I/O client worker #21-1] INFO  o.e.m.c.i.e.AbstractTransferListenerAdapter - Downloaded http://repo.maven.apache.org/maven2/org/codehaus/plexus/plexus/1.0.12/plexus-1.0.12.pom
2013-09-25 21:20:34,962 [Worker-10] INFO  c.n.h.c.p.n.NettyAsyncHttpProvider - Number of application's worked threads is 4
2013-09-25 21:20:35,491 [New I/O client worker #22-1] INFO  o.e.m.c.i.e.AbstractTransferListenerAdapter - Downloading http://repo.maven.apache.org/maven2/org/codehaus/plexus/plexus-interpolation/1.6/plexus-interpolation-1.6.pom
2013-09-25 21:20:35,492 [New I/O client worker #22-1] INFO  o.e.m.c.i.e.AbstractTransferListenerAdapter - Downloaded http://repo.maven.apache.org/maven2/org/codehaus/plexus/plexus-interpolation/1.6/plexus-interpolation-1.6.pom
2013-09-25 21:20:35,789 [Worker-10] INFO  c.n.h.c.p.n.NettyAsyncHttpProvider - Number of application's worked threads is 4
2013-09-25 21:20:36,340 [New I/O client worker #23-1] INFO  o.e.m.c.i.e.AbstractTransferListenerAdapter - Downloading http://repo.maven.apache.org/maven2/org/apache/maven/maven-archiver/2.4.1/maven-archiver-2.4.1.jar
2013-09-25 21:20:36,357 [New I/O client worker #23-2] INFO  o.e.m.c.i.e.AbstractTransferListenerAdapter - Downloading http://repo.maven.apache.org/maven2/org/codehaus/plexus/plexus-archiver/1.2/plexus-archiver-1.2.jar
2013-09-25 21:20:36,375 [New I/O client worker #23-1] INFO  o.e.m.c.i.e.AbstractTransferListenerAdapter - Downloading http://repo.maven.apache.org/maven2/xpp3/xpp3_min/1.1.4c/xpp3_min-1.1.4c.jar
2013-09-25 21:20:36,392 [New I/O client worker #23-3] INFO  o.e.m.c.i.e.AbstractTransferListenerAdapter - Downloading http://repo.maven.apache.org/maven2/org/codehaus/plexus/plexus-io/1.0.1/plexus-io-1.0.1.jar
2013-09-25 21:20:36,409 [New I/O client worker #23-4] INFO  o.e.m.c.i.e.AbstractTransferListenerAdapter - Downloading http://repo.maven.apache.org/maven2/com/thoughtworks/xstream/xstream/1.3.1/xstream-1.3.1.jar
2013-09-25 21:20:36,426 [New I/O client worker #23-2] INFO  o.e.m.c.i.e.AbstractTransferListenerAdapter - Downloading http://repo.maven.apache.org/maven2/org/apache/maven/shared/maven-filtering/1.0-beta-2/maven-filtering-1.0-beta-2.jar
2013-09-25 21:20:36,601 [New I/O client worker #23-1] INFO  o.e.m.c.i.e.AbstractTransferListenerAdapter - Downloaded http://repo.maven.apache.org/maven2/org/apache/maven/maven-archiver/2.4.1/maven-archiver-2.4.1.jar
2013-09-25 21:20:36,643 [New I/O client worker #23-1] INFO  o.e.m.c.i.e.AbstractTransferListenerAdapter - Downloaded http://repo.maven.apache.org/maven2/xpp3/xpp3_min/1.1.4c/xpp3_min-1.1.4c.jar
2013-09-25 21:20:36,947 [New I/O client worker #23-2] INFO  o.e.m.c.i.e.AbstractTransferListenerAdapter - Downloaded http://repo.maven.apache.org/maven2/org/apache/maven/shared/maven-filtering/1.0-beta-2/maven-filtering-1.0-beta-2.jar
2013-09-25 21:20:37,167 [New I/O client worker #23-3] INFO  o.e.m.c.i.e.AbstractTransferListenerAdapter - Downloaded http://repo.maven.apache.org/maven2/org/codehaus/plexus/plexus-io/1.0.1/plexus-io-1.0.1.jar
2013-09-25 21:20:37,900 [New I/O client worker #23-2] INFO  o.e.m.c.i.e.AbstractTransferListenerAdapter - Downloaded http://repo.maven.apache.org/maven2/org/codehaus/plexus/plexus-archiver/1.2/plexus-archiver-1.2.jar
2013-09-25 21:20:38,835 [New I/O client worker #23-4] INFO  o.e.m.c.i.e.AbstractTransferListenerAdapter - Downloaded http://repo.maven.apache.org/maven2/com/thoughtworks/xstream/xstream/1.3.1/xstream-1.3.1.jar
2013-09-25 21:20:42,072 [Worker-10] INFO  c.n.h.c.p.n.NettyAsyncHttpProvider - Number of application's worked threads is 4
2013-09-25 21:20:42,727 [New I/O client worker #24-1] INFO  o.e.m.c.i.e.AbstractTransferListenerAdapter - Downloading http://repo.maven.apache.org/maven2/org/apache/maven/plugins/maven-clean-plugin/2.4.1/maven-clean-plugin-2.4.1.pom
2013-09-25 21:20:42,728 [New I/O client worker #24-1] INFO  o.e.m.c.i.e.AbstractTransferListenerAdapter - Downloaded http://repo.maven.apache.org/maven2/org/apache/maven/plugins/maven-clean-plugin/2.4.1/maven-clean-plugin-2.4.1.pom
2013-09-25 21:20:43,044 [Worker-10] INFO  c.n.h.c.p.n.NettyAsyncHttpProvider - Number of application's worked threads is 4
2013-09-25 21:20:43,556 [New I/O client worker #25-1] INFO  o.e.m.c.i.e.AbstractTransferListenerAdapter - Downloading http://repo.maven.apache.org/maven2/org/apache/maven/plugins/maven-install-plugin/2.3.1/maven-install-plugin-2.3.1.pom
2013-09-25 21:20:43,556 [New I/O client worker #25-1] INFO  o.e.m.c.i.e.AbstractTransferListenerAdapter - Downloaded http://repo.maven.apache.org/maven2/org/apache/maven/plugins/maven-install-plugin/2.3.1/maven-install-plugin-2.3.1.pom
2013-09-25 21:43:08,116 [Worker-22] INFO  o.e.m.c.i.p.ProjectConfigurationManager - Collecting project info '/pom.xml' D:\core-java\CoreJava\JDBC\JDBCIntegration\JSF-JDBC-Integration\pom.xml
2013-09-25 21:43:08,189 [Worker-22] INFO  o.e.m.c.i.l.LifecycleMappingFactory - Using org.maven.ide.eclipse.wtp.WarLifecycleMapping lifecycle mapping for MavenProject: com.sudheer.jdbc:JSF-JDBC-Integration:0.0.1-SNAPSHOT @ D:\core-java\CoreJava\JDBC\JDBCIntegration\JSF-JDBC-Integration\pom.xml.
2013-09-25 21:43:08,687 [Worker-22] INFO  o.e.m.j.i.AbstractJavaProjectConfigurator - Adding source folder /JSF-JDBC-Integration/src/main/java
2013-09-25 21:43:08,688 [Worker-22] INFO  o.e.m.j.i.AbstractJavaProjectConfigurator - Adding resource folder /JSF-JDBC-Integration/src/main/resources
2013-09-25 21:43:08,689 [Worker-22] INFO  o.e.m.j.i.AbstractJavaProjectConfigurator - Adding source folder /JSF-JDBC-Integration/src/test/java
2013-09-25 21:43:08,981 [Worker-22] INFO  o.e.m.c.i.p.ProjectConfigurationManager - Project import completed 0 sec
2013-09-25 21:43:09,642 [Worker-26] INFO  o.e.m.c.i.l.LifecycleMappingFactory - Using org.maven.ide.eclipse.wtp.WarLifecycleMapping lifecycle mapping for MavenProject: com.sudheer.jdbc:JSF-JDBC-Integration:0.0.1-SNAPSHOT @ D:\core-java\CoreJava\JDBC\JDBCIntegration\JSF-JDBC-Integration\pom.xml.
2013-09-25 21:43:10,672 [Worker-26] WARN  o.e.m.c.i.embedder.EclipseLogger - Using platform encoding (Cp1252 actually) to copy filtered resources, i.e. build is platform dependent!
2013-09-25 21:43:10,698 [Worker-26] INFO  o.e.m.c.i.embedder.EclipseLogger - Copying 0 resource
2013-09-25 21:43:10,703 [Worker-26] WARN  o.e.m.c.i.embedder.EclipseLogger - Using platform encoding (Cp1252 actually) to copy filtered resources, i.e. build is platform dependent!
2013-09-25 21:43:10,704 [Worker-26] INFO  o.e.m.c.i.embedder.EclipseLogger - skip non existing resourceDirectory D:\core-java\CoreJava\JDBC\JDBCIntegration\JSF-JDBC-Integration\src\test\resources
2013-09-25 21:43:11,054 [Worker-26] INFO  o.e.m.c.i.l.LifecycleMappingFactory - Using org.maven.ide.eclipse.wtp.WarLifecycleMapping lifecycle mapping for MavenProject: com.sudheer.jdbc:JSF-JDBC-Integration:0.0.1-SNAPSHOT @ D:\core-java\CoreJava\JDBC\JDBCIntegration\JSF-JDBC-Integration\pom.xml.
2013-09-25 21:43:11,186 [Worker-26] WARN  o.e.m.c.i.embedder.EclipseLogger - Using platform encoding (Cp1252 actually) to copy filtered resources, i.e. build is platform dependent!
2013-09-25 21:43:11,190 [Worker-26] INFO  o.e.m.c.i.embedder.EclipseLogger - Copying 0 resource
2013-09-25 21:43:11,217 [Worker-26] WARN  o.e.m.c.i.embedder.EclipseLogger - Using platform encoding (Cp1252 actually) to copy filtered resources, i.e. build is platform dependent!
2013-09-25 21:43:11,217 [Worker-26] INFO  o.e.m.c.i.embedder.EclipseLogger - skip non existing resourceDirectory D:\core-java\CoreJava\JDBC\JDBCIntegration\JSF-JDBC-Integration\src\test\resources
2013-09-25 21:43:12,232 [Worker-32] INFO  o.e.m.c.i.l.LifecycleMappingFactory - Using org.maven.ide.eclipse.wtp.WarLifecycleMapping lifecycle mapping for MavenProject: com.sudheer.jdbc:JSF-JDBC-Integration:0.0.1-SNAPSHOT @ D:\core-java\CoreJava\JDBC\JDBCIntegration\JSF-JDBC-Integration\pom.xml.
2013-09-25 21:43:12,636 [Worker-26] WARN  o.e.m.c.i.embedder.EclipseLogger - Using platform encoding (Cp1252 actually) to copy filtered resources, i.e. build is platform dependent!
2013-09-25 21:43:12,637 [Worker-26] INFO  o.e.m.c.i.embedder.EclipseLogger - Copying 0 resource
2013-09-25 21:43:12,639 [Worker-26] WARN  o.e.m.c.i.embedder.EclipseLogger - Using platform encoding (Cp1252 actually) to copy filtered resources, i.e. build is platform dependent!
2013-09-25 21:43:12,682 [Worker-26] INFO  o.e.m.c.i.embedder.EclipseLogger - skip non existing resourceDirectory D:\core-java\CoreJava\JDBC\JDBCIntegration\JSF-JDBC-Integration\src\test\resources
2013-09-25 21:50:01,080 [Worker-30] WARN  o.e.m.c.i.embedder.EclipseLogger - Using platform encoding (Cp1252 actually) to copy filtered resources, i.e. build is platform dependent!
2013-09-25 21:50:01,082 [Worker-30] INFO  o.e.m.c.i.embedder.EclipseLogger - Copying 0 resource
2013-09-25 21:50:01,085 [Worker-30] WARN  o.e.m.c.i.embedder.EclipseLogger - Using platform encoding (Cp1252 actually) to copy filtered resources, i.e. build is platform dependent!
2013-09-25 21:50:01,085 [Worker-30] INFO  o.e.m.c.i.embedder.EclipseLogger - skip non existing resourceDirectory D:\core-java\CoreJava\JDBC\JDBCIntegration\JSF-JDBC-Integration\src\test\resources
2013-09-25 21:50:11,739 [Worker-30] WARN  o.e.m.c.i.embedder.EclipseLogger - Using platform encoding (Cp1252 actually) to copy filtered resources, i.e. build is platform dependent!
2013-09-25 21:50:11,740 [Worker-30] INFO  o.e.m.c.i.embedder.EclipseLogger - Copying 0 resource
2013-09-25 21:50:11,742 [Worker-30] WARN  o.e.m.c.i.embedder.EclipseLogger - Using platform encoding (Cp1252 actually) to copy filtered resources, i.e. build is platform dependent!
2013-09-25 21:50:11,743 [Worker-30] INFO  o.e.m.c.i.embedder.EclipseLogger - skip non existing resourceDirectory D:\core-java\CoreJava\JDBC\JDBCIntegration\JSF-JDBC-Integration\src\test\resources
2013-09-25 21:50:19,639 [Worker-34] WARN  o.e.m.c.i.embedder.EclipseLogger - Using platform encoding (Cp1252 actually) to copy filtered resources, i.e. build is platform dependent!
2013-09-25 21:50:19,640 [Worker-34] INFO  o.e.m.c.i.embedder.EclipseLogger - Copying 0 resource
2013-09-25 21:50:19,642 [Worker-34] WARN  o.e.m.c.i.embedder.EclipseLogger - Using platform encoding (Cp1252 actually) to copy filtered resources, i.e. build is platform dependent!
2013-09-25 21:50:19,642 [Worker-34] INFO  o.e.m.c.i.embedder.EclipseLogger - skip non existing resourceDirectory D:\core-java\CoreJava\JDBC\JDBCIntegration\JSF-JDBC-Integration\src\test\resources
2013-09-25 21:50:28,739 [Worker-34] WARN  o.e.m.c.i.embedder.EclipseLogger - Using platform encoding (Cp1252 actually) to copy filtered resources, i.e. build is platform dependent!
2013-09-25 21:50:28,740 [Worker-34] INFO  o.e.m.c.i.embedder.EclipseLogger - Copying 0 resource
2013-09-25 21:50:28,742 [Worker-34] WARN  o.e.m.c.i.embedder.EclipseLogger - Using platform encoding (Cp1252 actually) to copy filtered resources, i.e. build is platform dependent!
2013-09-25 21:50:28,742 [Worker-34] INFO  o.e.m.c.i.embedder.EclipseLogger - skip non existing resourceDirectory D:\core-java\CoreJava\JDBC\JDBCIntegration\JSF-JDBC-Integration\src\test\resources
2013-09-25 21:50:40,543 [Worker-35] WARN  o.e.m.c.i.embedder.EclipseLogger - Using platform encoding (Cp1252 actually) to copy filtered resources, i.e. build is platform dependent!
2013-09-25 21:50:40,545 [Worker-35] INFO  o.e.m.c.i.embedder.EclipseLogger - Copying 0 resource
2013-09-25 21:50:40,547 [Worker-35] WARN  o.e.m.c.i.embedder.EclipseLogger - Using platform encoding (Cp1252 actually) to copy filtered resources, i.e. build is platform dependent!
2013-09-25 21:50:40,547 [Worker-35] INFO  o.e.m.c.i.embedder.EclipseLogger - skip non existing resourceDirectory D:\core-java\CoreJava\JDBC\JDBCIntegration\JSF-JDBC-Integration\src\test\resources
2013-09-25 21:51:07,668 [Worker-34] WARN  o.e.m.c.i.embedder.EclipseLogger - Using platform encoding (Cp1252 actually) to copy filtered resources, i.e. build is platform dependent!
2013-09-25 21:51:07,670 [Worker-34] INFO  o.e.m.c.i.embedder.EclipseLogger - Copying 0 resource
2013-09-25 21:51:07,671 [Worker-34] WARN  o.e.m.c.i.embedder.EclipseLogger - Using platform encoding (Cp1252 actually) to copy filtered resources, i.e. build is platform dependent!
2013-09-25 21:51:07,672 [Worker-34] INFO  o.e.m.c.i.embedder.EclipseLogger - skip non existing resourceDirectory D:\core-java\CoreJava\JDBC\JDBCIntegration\JSF-JDBC-Integration\src\test\resources
2013-09-25 21:56:11,472 [Worker-33] WARN  o.e.m.c.i.embedder.EclipseLogger - Using platform encoding (Cp1252 actually) to copy filtered resources, i.e. build is platform dependent!
2013-09-25 21:56:11,473 [Worker-33] INFO  o.e.m.c.i.embedder.EclipseLogger - Copying 0 resource
2013-09-25 21:56:11,475 [Worker-33] WARN  o.e.m.c.i.embedder.EclipseLogger - Using platform encoding (Cp1252 actually) to copy filtered resources, i.e. build is platform dependent!
2013-09-25 21:56:11,475 [Worker-33] INFO  o.e.m.c.i.embedder.EclipseLogger - skip non existing resourceDirectory D:\core-java\CoreJava\JDBC\JDBCIntegration\JSF-JDBC-Integration\src\test\resources
2013-09-25 21:56:38,503 [Worker-37] WARN  o.e.m.c.i.embedder.EclipseLogger - Using platform encoding (Cp1252 actually) to copy filtered resources, i.e. build is platform dependent!
2013-09-25 21:56:38,504 [Worker-37] INFO  o.e.m.c.i.embedder.EclipseLogger - Copying 0 resource
2013-09-25 21:56:38,507 [Worker-37] WARN  o.e.m.c.i.embedder.EclipseLogger - Using platform encoding (Cp1252 actually) to copy filtered resources, i.e. build is platform dependent!
2013-09-25 21:56:38,507 [Worker-37] INFO  o.e.m.c.i.embedder.EclipseLogger - skip non existing resourceDirectory D:\core-java\CoreJava\JDBC\JDBCIntegration\JSF-JDBC-Integration\src\test\resources
2013-09-25 21:57:39,018 [Worker-33] WARN  o.e.m.c.i.embedder.EclipseLogger - Using platform encoding (Cp1252 actually) to copy filtered resources, i.e. build is platform dependent!
2013-09-25 21:57:39,019 [Worker-33] INFO  o.e.m.c.i.embedder.EclipseLogger - Copying 0 resource
2013-09-25 21:57:39,021 [Worker-33] WARN  o.e.m.c.i.embedder.EclipseLogger - Using platform encoding (Cp1252 actually) to copy filtered resources, i.e. build is platform dependent!
2013-09-25 21:57:39,021 [Worker-33] INFO  o.e.m.c.i.embedder.EclipseLogger - skip non existing resourceDirectory D:\core-java\CoreJava\JDBC\JDBCIntegration\JSF-JDBC-Integration\src\test\resources
2013-09-25 21:57:45,439 [Worker-39] WARN  o.e.m.c.i.embedder.EclipseLogger - Using platform encoding (Cp1252 actually) to copy filtered resources, i.e. build is platform dependent!
2013-09-25 21:57:45,440 [Worker-39] INFO  o.e.m.c.i.embedder.EclipseLogger - Copying 0 resource
2013-09-25 21:57:45,443 [Worker-39] WARN  o.e.m.c.i.embedder.EclipseLogger - Using platform encoding (Cp1252 actually) to copy filtered resources, i.e. build is platform dependent!
2013-09-25 21:57:45,444 [Worker-39] INFO  o.e.m.c.i.embedder.EclipseLogger - skip non existing resourceDirectory D:\core-java\CoreJava\JDBC\JDBCIntegration\JSF-JDBC-Integration\src\test\resources
2013-09-25 21:57:54,366 [Worker-39] WARN  o.e.m.c.i.embedder.EclipseLogger - Using platform encoding (Cp1252 actually) to copy filtered resources, i.e. build is platform dependent!
2013-09-25 21:57:54,367 [Worker-39] INFO  o.e.m.c.i.embedder.EclipseLogger - Copying 0 resource
2013-09-25 21:57:54,369 [Worker-39] WARN  o.e.m.c.i.embedder.EclipseLogger - Using platform encoding (Cp1252 actually) to copy filtered resources, i.e. build is platform dependent!
2013-09-25 21:57:54,370 [Worker-39] INFO  o.e.m.c.i.embedder.EclipseLogger - skip non existing resourceDirectory D:\core-java\CoreJava\JDBC\JDBCIntegration\JSF-JDBC-Integration\src\test\resources
2013-09-25 21:58:21,170 [Worker-40] WARN  o.e.m.c.i.embedder.EclipseLogger - Using platform encoding (Cp1252 actually) to copy filtered resources, i.e. build is platform dependent!
2013-09-25 21:58:21,171 [Worker-40] INFO  o.e.m.c.i.embedder.EclipseLogger - Copying 0 resource
2013-09-25 21:58:21,173 [Worker-40] WARN  o.e.m.c.i.embedder.EclipseLogger - Using platform encoding (Cp1252 actually) to copy filtered resources, i.e. build is platform dependent!
2013-09-25 21:58:21,173 [Worker-40] INFO  o.e.m.c.i.embedder.EclipseLogger - skip non existing resourceDirectory D:\core-java\CoreJava\JDBC\JDBCIntegration\JSF-JDBC-Integration\src\test\resources
2013-09-25 21:59:27,327 [Worker-38] INFO  o.e.m.c.i.l.LifecycleMappingFactory - Using org.maven.ide.eclipse.wtp.WarLifecycleMapping lifecycle mapping for MavenProject: com.sudheer.jdbc:JSF-JDBC-Integration:0.0.1-SNAPSHOT @ D:\core-java\CoreJava\JDBC\JDBCIntegration\JSF-JDBC-Integration\pom.xml.
2013-09-25 21:59:28,564 [Worker-38] WARN  o.e.m.c.i.embedder.EclipseLogger - Using platform encoding (Cp1252 actually) to copy filtered resources, i.e. build is platform dependent!
2013-09-25 21:59:28,568 [Worker-38] INFO  o.e.m.c.i.embedder.EclipseLogger - Copying 0 resource
2013-09-25 21:59:28,571 [Worker-38] WARN  o.e.m.c.i.embedder.EclipseLogger - Using platform encoding (Cp1252 actually) to copy filtered resources, i.e. build is platform dependent!
2013-09-25 21:59:28,572 [Worker-38] INFO  o.e.m.c.i.embedder.EclipseLogger - skip non existing resourceDirectory D:\core-java\CoreJava\JDBC\JDBCIntegration\JSF-JDBC-Integration\src\test\resources
2013-09-25 21:59:28,808 [Worker-33] WARN  o.e.m.c.i.embedder.EclipseLogger - Using platform encoding (Cp1252 actually) to copy filtered resources, i.e. build is platform dependent!
2013-09-25 21:59:28,809 [Worker-33] INFO  o.e.m.c.i.embedder.EclipseLogger - Copying 0 resource
2013-09-25 21:59:28,811 [Worker-33] WARN  o.e.m.c.i.embedder.EclipseLogger - Using platform encoding (Cp1252 actually) to copy filtered resources, i.e. build is platform dependent!
2013-09-25 21:59:28,812 [Worker-33] INFO  o.e.m.c.i.embedder.EclipseLogger - skip non existing resourceDirectory D:\core-java\CoreJava\JDBC\JDBCIntegration\JSF-JDBC-Integration\src\test\resources
2013-09-25 22:03:46,021 [Worker-40] INFO  o.e.m.c.i.l.LifecycleMappingFactory - Using org.maven.ide.eclipse.wtp.WarLifecycleMapping lifecycle mapping for MavenProject: com.sudheer.jdbc:JSF-JDBC-Integration:0.0.1-SNAPSHOT @ D:\core-java\CoreJava\JDBC\JDBCIntegration\JSF-JDBC-Integration\pom.xml.
2013-09-25 22:03:48,791 [Worker-40] INFO  o.e.m.c.i.embedder.EclipseLogger - Using 'UTF-8' encoding to copy filtered resources.
2013-09-25 22:03:48,792 [Worker-40] INFO  o.e.m.c.i.embedder.EclipseLogger - Copying 0 resource
2013-09-25 22:03:48,794 [Worker-40] INFO  o.e.m.c.i.embedder.EclipseLogger - Using 'UTF-8' encoding to copy filtered resources.
2013-09-25 22:03:48,794 [Worker-40] INFO  o.e.m.c.i.embedder.EclipseLogger - skip non existing resourceDirectory D:\core-java\CoreJava\JDBC\JDBCIntegration\JSF-JDBC-Integration\src\test\resources
2013-09-25 22:03:48,794 [Worker-40] INFO  o.e.m.w.i.f.ResourceFilteringBuildParticipant - Changed resources require a complete clean of filtered resources of JSF-JDBC-Integration
2013-09-25 22:03:48,795 [Worker-40] INFO  o.e.m.w.i.f.ResourceFilteringBuildParticipant - Executing resource filtering for JSF-JDBC-Integration
2013-09-25 22:03:48,801 [Worker-40] INFO  o.e.m.c.i.embedder.EclipseLogger - Using 'UTF-8' encoding to copy filtered resources.
2013-09-25 22:03:50,086 [Worker-33] INFO  o.e.m.c.i.embedder.EclipseLogger - Using 'UTF-8' encoding to copy filtered resources.
2013-09-25 22:03:50,087 [Worker-33] INFO  o.e.m.c.i.embedder.EclipseLogger - Copying 0 resource
2013-09-25 22:03:50,089 [Worker-33] INFO  o.e.m.c.i.embedder.EclipseLogger - Using 'UTF-8' encoding to copy filtered resources.
2013-09-25 22:03:50,089 [Worker-33] INFO  o.e.m.c.i.embedder.EclipseLogger - skip non existing resourceDirectory D:\core-java\CoreJava\JDBC\JDBCIntegration\JSF-JDBC-Integration\src\test\resources
2013-09-25 22:04:13,252 [Worker-40] INFO  o.e.m.c.i.l.LifecycleMappingFactory - Using org.maven.ide.eclipse.wtp.WarLifecycleMapping lifecycle mapping for MavenProject: com.sudheer.jdbc:JSF-JDBC-Integration:0.0.1-SNAPSHOT @ D:\core-java\CoreJava\JDBC\JDBCIntegration\JSF-JDBC-Integration\pom.xml.
2013-09-25 22:04:13,467 [Worker-40] INFO  o.e.m.c.i.embedder.EclipseLogger - Using 'UTF-8' encoding to copy filtered resources.
2013-09-25 22:04:13,468 [Worker-40] INFO  o.e.m.c.i.embedder.EclipseLogger - Copying 0 resource
2013-09-25 22:04:13,469 [Worker-40] INFO  o.e.m.c.i.embedder.EclipseLogger - Using 'UTF-8' encoding to copy filtered resources.
2013-09-25 22:04:13,469 [Worker-40] INFO  o.e.m.c.i.embedder.EclipseLogger - skip non existing resourceDirectory D:\core-java\CoreJava\JDBC\JDBCIntegration\JSF-JDBC-Integration\src\test\resources
2013-09-25 22:04:13,470 [Worker-40] INFO  o.e.m.w.i.f.ResourceFilteringBuildParticipant - Changed resources require a complete clean of filtered resources of JSF-JDBC-Integration
2013-09-25 22:04:13,470 [Worker-40] INFO  o.e.m.w.i.f.ResourceFilteringBuildParticipant - Executing resource filtering for JSF-JDBC-Integration
2013-09-25 22:04:13,474 [Worker-40] INFO  o.e.m.c.i.embedder.EclipseLogger - Using 'UTF-8' encoding to copy filtered resources.
2013-09-25 22:04:14,718 [Worker-40] INFO  o.e.m.c.i.embedder.EclipseLogger - Using 'UTF-8' encoding to copy filtered resources.
2013-09-25 22:04:14,719 [Worker-40] INFO  o.e.m.c.i.embedder.EclipseLogger - Copying 0 resource
2013-09-25 22:04:14,721 [Worker-40] INFO  o.e.m.c.i.embedder.EclipseLogger - Using 'UTF-8' encoding to copy filtered resources.
2013-09-25 22:04:14,721 [Worker-40] INFO  o.e.m.c.i.embedder.EclipseLogger - skip non existing resourceDirectory D:\core-java\CoreJava\JDBC\JDBCIntegration\JSF-JDBC-Integration\src\test\resources
2013-09-25 22:04:17,534 [Worker-44] INFO  o.e.m.c.i.l.LifecycleMappingFactory - Using org.maven.ide.eclipse.wtp.WarLifecycleMapping lifecycle mapping for MavenProject: com.sudheer.jdbc:JSF-JDBC-Integration:0.0.1-SNAPSHOT @ D:\core-java\CoreJava\JDBC\JDBCIntegration\JSF-JDBC-Integration\pom.xml.
2013-09-25 22:04:17,608 [Worker-44] INFO  o.e.m.c.i.embedder.EclipseLogger - Using 'UTF-8' encoding to copy filtered resources.
2013-09-25 22:04:17,608 [Worker-44] INFO  o.e.m.c.i.embedder.EclipseLogger - Copying 0 resource
2013-09-25 22:04:17,611 [Worker-44] INFO  o.e.m.c.i.embedder.EclipseLogger - Using 'UTF-8' encoding to copy filtered resources.
2013-09-25 22:04:17,611 [Worker-44] INFO  o.e.m.c.i.embedder.EclipseLogger - skip non existing resourceDirectory D:\core-java\CoreJava\JDBC\JDBCIntegration\JSF-JDBC-Integration\src\test\resources
2013-09-25 22:04:17,611 [Worker-44] INFO  o.e.m.w.i.f.ResourceFilteringBuildParticipant - Changed resources require a complete clean of filtered resources of JSF-JDBC-Integration
2013-09-25 22:04:17,611 [Worker-44] INFO  o.e.m.w.i.f.ResourceFilteringBuildParticipant - Executing resource filtering for JSF-JDBC-Integration
2013-09-25 22:04:17,617 [Worker-44] INFO  o.e.m.c.i.embedder.EclipseLogger - Using 'UTF-8' encoding to copy filtered resources.
2013-09-25 22:04:49,550 [Worker-45] INFO  o.e.m.c.i.l.LifecycleMappingFactory - Using org.maven.ide.eclipse.wtp.WarLifecycleMapping lifecycle mapping for MavenProject: com.sudheer.jdbc:JSF-JDBC-Integration:0.0.1-SNAPSHOT @ D:\core-java\CoreJava\JDBC\JDBCIntegration\JSF-JDBC-Integration\pom.xml.
2013-09-25 22:04:49,624 [Worker-45] INFO  o.e.m.c.i.embedder.EclipseLogger - Using 'UTF-8' encoding to copy filtered resources.
2013-09-25 22:04:49,624 [Worker-45] INFO  o.e.m.c.i.embedder.EclipseLogger - Copying 0 resource
2013-09-25 22:04:49,626 [Worker-45] INFO  o.e.m.c.i.embedder.EclipseLogger - Using 'UTF-8' encoding to copy filtered resources.
2013-09-25 22:04:49,626 [Worker-45] INFO  o.e.m.c.i.embedder.EclipseLogger - skip non existing resourceDirectory D:\core-java\CoreJava\JDBC\JDBCIntegration\JSF-JDBC-Integration\src\test\resources
2013-09-25 22:04:49,627 [Worker-45] INFO  o.e.m.w.i.f.ResourceFilteringBuildParticipant - Changed resources require a complete clean of filtered resources of JSF-JDBC-Integration
2013-09-25 22:04:49,627 [Worker-45] INFO  o.e.m.w.i.f.ResourceFilteringBuildParticipant - Executing resource filtering for JSF-JDBC-Integration
2013-09-25 22:04:49,634 [Worker-45] INFO  o.e.m.c.i.embedder.EclipseLogger - Using 'UTF-8' encoding to copy filtered resources.
2013-09-25 22:05:18,475 [Worker-47] INFO  o.e.m.c.i.embedder.EclipseLogger - Using 'UTF-8' encoding to copy filtered resources.
2013-09-25 22:05:18,477 [Worker-47] INFO  o.e.m.c.i.embedder.EclipseLogger - Copying 0 resource
2013-09-25 22:05:18,479 [Worker-47] INFO  o.e.m.c.i.embedder.EclipseLogger - Using 'UTF-8' encoding to copy filtered resources.
2013-09-25 22:05:18,479 [Worker-47] INFO  o.e.m.c.i.embedder.EclipseLogger - skip non existing resourceDirectory D:\core-java\CoreJava\JDBC\JDBCIntegration\JSF-JDBC-Integration\src\test\resources
2013-09-25 22:05:38,726 [Worker-47] INFO  o.e.m.c.i.embedder.EclipseLogger - Using 'UTF-8' encoding to copy filtered resources.
2013-09-25 22:05:38,726 [Worker-47] INFO  o.e.m.c.i.embedder.EclipseLogger - Copying 0 resource
2013-09-25 22:05:38,747 [Worker-47] INFO  o.e.m.c.i.embedder.EclipseLogger - Using 'UTF-8' encoding to copy filtered resources.
2013-09-25 22:05:38,748 [Worker-47] INFO  o.e.m.c.i.embedder.EclipseLogger - skip non existing resourceDirectory D:\core-java\CoreJava\JDBC\JDBCIntegration\JSF-JDBC-Integration\src\test\resources
2013-09-25 22:05:51,360 [Worker-42] INFO  o.e.m.c.i.p.ProjectConfigurationManager - Update started
2013-09-25 22:05:51,434 [Worker-42] INFO  o.e.m.c.i.l.LifecycleMappingFactory - Using org.maven.ide.eclipse.wtp.WarLifecycleMapping lifecycle mapping for MavenProject: com.sudheer.jdbc:JSF-JDBC-Integration:0.0.1-SNAPSHOT @ D:\core-java\CoreJava\JDBC\JDBCIntegration\JSF-JDBC-Integration\pom.xml.
2013-09-25 22:05:51,524 [Worker-42] INFO  o.e.m.j.i.AbstractJavaProjectConfigurator - Adding source folder /JSF-JDBC-Integration/src/main/java
2013-09-25 22:05:51,525 [Worker-42] INFO  o.e.m.j.i.AbstractJavaProjectConfigurator - Adding resource folder /JSF-JDBC-Integration/src/main/resources
2013-09-25 22:05:51,551 [Worker-42] INFO  o.e.m.j.i.AbstractJavaProjectConfigurator - Adding source folder /JSF-JDBC-Integration/src/test/java
2013-09-25 22:05:51,720 [Worker-42] INFO  o.e.m.w.i.f.ResourceFilteringBuildParticipant - Cleaning filtered folder for JSF-JDBC-Integration
2013-09-25 22:05:51,728 [Worker-42] INFO  o.e.m.c.i.p.ProjectConfigurationManager - Update completed: 0 sec
2013-09-25 22:05:52,097 [Worker-48] INFO  o.e.m.c.i.l.LifecycleMappingFactory - Using org.maven.ide.eclipse.wtp.WarLifecycleMapping lifecycle mapping for MavenProject: com.sudheer.jdbc:JSF-JDBC-Integration:0.0.1-SNAPSHOT @ D:\core-java\CoreJava\JDBC\JDBCIntegration\JSF-JDBC-Integration\pom.xml.
2013-09-25 22:05:52,283 [Worker-48] INFO  o.e.m.c.i.embedder.EclipseLogger - Using 'UTF-8' encoding to copy filtered resources.
2013-09-25 22:05:52,284 [Worker-48] INFO  o.e.m.c.i.embedder.EclipseLogger - Copying 0 resource
2013-09-25 22:05:52,285 [Worker-48] INFO  o.e.m.c.i.embedder.EclipseLogger - Using 'UTF-8' encoding to copy filtered resources.
2013-09-25 22:05:52,285 [Worker-48] INFO  o.e.m.c.i.embedder.EclipseLogger - skip non existing resourceDirectory D:\core-java\CoreJava\JDBC\JDBCIntegration\JSF-JDBC-Integration\src\test\resources
2013-09-25 22:53:32,344 [Worker-56] INFO  o.e.m.c.i.embedder.EclipseLogger - Using 'UTF-8' encoding to copy filtered resources.
2013-09-25 22:53:32,344 [Worker-56] INFO  o.e.m.c.i.embedder.EclipseLogger - Copying 0 resource
2013-09-25 22:53:32,346 [Worker-56] INFO  o.e.m.c.i.embedder.EclipseLogger - Using 'UTF-8' encoding to copy filtered resources.
2013-09-25 22:53:32,346 [Worker-56] INFO  o.e.m.c.i.embedder.EclipseLogger - skip non existing resourceDirectory D:\core-java\CoreJava\JDBC\JDBCIntegration\JSF-JDBC-Integration\src\test\resources
2013-09-25 22:56:58,593 [Worker-55] INFO  o.e.m.c.i.embedder.EclipseLogger - Using 'UTF-8' encoding to copy filtered resources.
2013-09-25 22:56:58,593 [Worker-55] INFO  o.e.m.c.i.embedder.EclipseLogger - Copying 0 resource
2013-09-25 22:56:58,595 [Worker-55] INFO  o.e.m.c.i.embedder.EclipseLogger - Using 'UTF-8' encoding to copy filtered resources.
2013-09-25 22:56:58,595 [Worker-55] INFO  o.e.m.c.i.embedder.EclipseLogger - skip non existing resourceDirectory D:\core-java\CoreJava\JDBC\JDBCIntegration\JSF-JDBC-Integration\src\test\resources
2013-09-25 22:59:18,921 [Worker-55] INFO  o.e.m.c.i.l.LifecycleMappingFactory - Using org.maven.ide.eclipse.wtp.WarLifecycleMapping lifecycle mapping for MavenProject: com.sudheer.jdbc:JSF-JDBC-Integration:0.0.1-SNAPSHOT @ D:\core-java\CoreJava\JDBC\JDBCIntegration\JSF-JDBC-Integration\pom.xml.
2013-09-25 22:59:19,475 [Worker-55] INFO  o.e.m.c.i.embedder.EclipseLogger - Using 'UTF-8' encoding to copy filtered resources.
2013-09-25 22:59:19,476 [Worker-55] INFO  o.e.m.c.i.embedder.EclipseLogger - Copying 0 resource
2013-09-25 22:59:19,478 [Worker-55] INFO  o.e.m.c.i.embedder.EclipseLogger - Using 'UTF-8' encoding to copy filtered resources.
2013-09-25 22:59:19,479 [Worker-55] INFO  o.e.m.c.i.embedder.EclipseLogger - skip non existing resourceDirectory D:\core-java\CoreJava\JDBC\JDBCIntegration\JSF-JDBC-Integration\src\test\resources
2013-09-25 22:59:41,141 [Worker-55] INFO  o.e.m.c.i.p.ProjectConfigurationManager - Update started
2013-09-25 22:59:41,187 [Worker-55] INFO  o.e.m.c.i.l.LifecycleMappingFactory - Using org.maven.ide.eclipse.wtp.WarLifecycleMapping lifecycle mapping for MavenProject: com.sudheer.jdbc:JSF-JDBC-Integration:0.0.1-SNAPSHOT @ D:\core-java\CoreJava\JDBC\JDBCIntegration\JSF-JDBC-Integration\pom.xml.
2013-09-25 22:59:41,291 [Worker-55] INFO  o.e.m.j.i.AbstractJavaProjectConfigurator - Adding source folder /JSF-JDBC-Integration/src/main/java
2013-09-25 22:59:41,292 [Worker-55] INFO  o.e.m.j.i.AbstractJavaProjectConfigurator - Adding resource folder /JSF-JDBC-Integration/src/main/resources
2013-09-25 22:59:41,292 [Worker-55] INFO  o.e.m.j.i.AbstractJavaProjectConfigurator - Adding source folder /JSF-JDBC-Integration/src/test/java
2013-09-25 22:59:41,464 [Worker-55] INFO  o.e.m.w.i.f.ResourceFilteringBuildParticipant - Cleaning filtered folder for JSF-JDBC-Integration
2013-09-25 22:59:41,469 [Worker-55] INFO  o.e.m.c.i.p.ProjectConfigurationManager - Update completed: 0 sec
2013-09-25 22:59:41,846 [Worker-62] INFO  o.e.m.c.i.l.LifecycleMappingFactory - Using org.maven.ide.eclipse.wtp.WarLifecycleMapping lifecycle mapping for MavenProject: com.sudheer.jdbc:JSF-JDBC-Integration:0.0.1-SNAPSHOT @ D:\core-java\CoreJava\JDBC\JDBCIntegration\JSF-JDBC-Integration\pom.xml.
2013-09-25 22:59:41,938 [Worker-62] INFO  o.e.m.c.i.embedder.EclipseLogger - Using 'UTF-8' encoding to copy filtered resources.
2013-09-25 22:59:41,938 [Worker-62] INFO  o.e.m.c.i.embedder.EclipseLogger - Copying 0 resource
2013-09-25 22:59:41,940 [Worker-62] INFO  o.e.m.c.i.embedder.EclipseLogger - Using 'UTF-8' encoding to copy filtered resources.
2013-09-25 22:59:41,940 [Worker-62] INFO  o.e.m.c.i.embedder.EclipseLogger - skip non existing resourceDirectory D:\core-java\CoreJava\JDBC\JDBCIntegration\JSF-JDBC-Integration\src\test\resources
2013-09-25 22:59:58,067 [Worker-55] INFO  o.e.m.c.i.l.LifecycleMappingFactory - Using org.maven.ide.eclipse.wtp.WarLifecycleMapping lifecycle mapping for MavenProject: com.sudheer.jdbc:JSF-JDBC-Integration:0.0.1-SNAPSHOT @ D:\core-java\CoreJava\JDBC\JDBCIntegration\JSF-JDBC-Integration\pom.xml.
2013-09-25 22:59:58,204 [Worker-55] INFO  o.e.m.c.i.embedder.EclipseLogger - Using 'UTF-8' encoding to copy filtered resources.
2013-09-25 22:59:58,205 [Worker-55] INFO  o.e.m.c.i.embedder.EclipseLogger - Copying 0 resource
2013-09-25 22:59:58,207 [Worker-55] INFO  o.e.m.c.i.embedder.EclipseLogger - Using 'UTF-8' encoding to copy filtered resources.
2013-09-25 22:59:58,207 [Worker-55] INFO  o.e.m.c.i.embedder.EclipseLogger - skip non existing resourceDirectory D:\core-java\CoreJava\JDBC\JDBCIntegration\JSF-JDBC-Integration\src\test\resources
2013-09-25 23:00:40,434 [Worker-61] INFO  o.e.m.c.i.embedder.EclipseLogger - Using 'UTF-8' encoding to copy filtered resources.
2013-09-25 23:00:40,435 [Worker-61] INFO  o.e.m.c.i.embedder.EclipseLogger - Copying 0 resource
2013-09-25 23:00:40,437 [Worker-61] INFO  o.e.m.c.i.embedder.EclipseLogger - Using 'UTF-8' encoding to copy filtered resources.
2013-09-25 23:00:40,438 [Worker-61] INFO  o.e.m.c.i.embedder.EclipseLogger - skip non existing resourceDirectory D:\core-java\CoreJava\JDBC\JDBCIntegration\JSF-JDBC-Integration\src\test\resources
2013-09-25 23:01:52,224 [Worker-63] INFO  o.e.m.c.i.embedder.EclipseLogger - Using 'UTF-8' encoding to copy filtered resources.
2013-09-25 23:01:52,225 [Worker-63] INFO  o.e.m.c.i.embedder.EclipseLogger - Copying 0 resource
2013-09-25 23:01:52,227 [Worker-63] INFO  o.e.m.c.i.embedder.EclipseLogger - Using 'UTF-8' encoding to copy filtered resources.
2013-09-25 23:01:52,227 [Worker-63] INFO  o.e.m.c.i.embedder.EclipseLogger - skip non existing resourceDirectory D:\core-java\CoreJava\JDBC\JDBCIntegration\JSF-JDBC-Integration\src\test\resources
2013-09-25 23:02:08,469 [Worker-65] INFO  o.e.m.c.i.p.ProjectConfigurationManager - Update started
2013-09-25 23:02:08,536 [Worker-65] INFO  o.e.m.c.i.l.LifecycleMappingFactory - Using org.maven.ide.eclipse.wtp.WarLifecycleMapping lifecycle mapping for MavenProject: com.sudheer.jdbc:JSF-JDBC-Integration:0.0.1-SNAPSHOT @ D:\core-java\CoreJava\JDBC\JDBCIntegration\JSF-JDBC-Integration\pom.xml.
2013-09-25 23:02:08,713 [Worker-65] INFO  o.e.m.j.i.AbstractJavaProjectConfigurator - Adding source folder /JSF-JDBC-Integration/src/main/java
2013-09-25 23:02:08,713 [Worker-65] INFO  o.e.m.j.i.AbstractJavaProjectConfigurator - Adding resource folder /JSF-JDBC-Integration/src/main/resources
2013-09-25 23:02:08,714 [Worker-65] INFO  o.e.m.j.i.AbstractJavaProjectConfigurator - Adding source folder /JSF-JDBC-Integration/src/test/java
2013-09-25 23:02:08,943 [Worker-65] INFO  o.e.m.w.i.f.ResourceFilteringBuildParticipant - Cleaning filtered folder for JSF-JDBC-Integration
2013-09-25 23:02:08,950 [Worker-65] INFO  o.e.m.c.i.p.ProjectConfigurationManager - Update completed: 0 sec
2013-09-25 23:02:09,410 [Worker-69] INFO  o.e.m.c.i.l.LifecycleMappingFactory - Using org.maven.ide.eclipse.wtp.WarLifecycleMapping lifecycle mapping for MavenProject: com.sudheer.jdbc:JSF-JDBC-Integration:0.0.1-SNAPSHOT @ D:\core-java\CoreJava\JDBC\JDBCIntegration\JSF-JDBC-Integration\pom.xml.
2013-09-25 23:02:09,536 [Worker-69] INFO  o.e.m.c.i.embedder.EclipseLogger - Using 'UTF-8' encoding to copy filtered resources.
2013-09-25 23:02:09,536 [Worker-69] INFO  o.e.m.c.i.embedder.EclipseLogger - Copying 0 resource
2013-09-25 23:02:09,538 [Worker-69] INFO  o.e.m.c.i.embedder.EclipseLogger - Using 'UTF-8' encoding to copy filtered resources.
2013-09-25 23:02:09,538 [Worker-69] INFO  o.e.m.c.i.embedder.EclipseLogger - skip non existing resourceDirectory D:\core-java\CoreJava\JDBC\JDBCIntegration\JSF-JDBC-Integration\src\test\resources
2013-09-25 23:10:09,843 [Worker-73] INFO  o.e.m.c.i.l.LifecycleMappingFactory - Using org.maven.ide.eclipse.wtp.WarLifecycleMapping lifecycle mapping for MavenProject: com.sudheer.jdbc:JSF-JDBC-Integration:0.0.1-SNAPSHOT @ D:\core-java\CoreJava\JDBC\JDBCIntegration\JSF-JDBC-Integration\pom.xml.
2013-09-25 23:10:10,366 [Worker-73] INFO  o.e.m.c.i.embedder.EclipseLogger - Using 'UTF-8' encoding to copy filtered resources.
2013-09-25 23:10:10,367 [Worker-73] INFO  o.e.m.c.i.embedder.EclipseLogger - Copying 0 resource
2013-09-25 23:10:10,369 [Worker-73] INFO  o.e.m.c.i.embedder.EclipseLogger - Using 'UTF-8' encoding to copy filtered resources.
2013-09-25 23:10:10,369 [Worker-73] INFO  o.e.m.c.i.embedder.EclipseLogger - skip non existing resourceDirectory D:\core-java\CoreJava\JDBC\JDBCIntegration\JSF-JDBC-Integration\src\test\resources
2013-09-25 23:10:11,528 [Worker-71] INFO  o.e.m.c.i.embedder.EclipseLogger - Using 'UTF-8' encoding to copy filtered resources.
2013-09-25 23:10:11,528 [Worker-71] INFO  o.e.m.c.i.embedder.EclipseLogger - Copying 0 resource
2013-09-25 23:10:11,531 [Worker-71] INFO  o.e.m.c.i.embedder.EclipseLogger - Using 'UTF-8' encoding to copy filtered resources.
2013-09-25 23:10:11,531 [Worker-71] INFO  o.e.m.c.i.embedder.EclipseLogger - skip non existing resourceDirectory D:\core-java\CoreJava\JDBC\JDBCIntegration\JSF-JDBC-Integration\src\test\resources
2013-09-25 23:26:51,252 [Worker-78] INFO  o.e.m.c.i.embedder.EclipseLogger - Using 'UTF-8' encoding to copy filtered resources.
2013-09-25 23:26:51,252 [Worker-78] INFO  o.e.m.c.i.embedder.EclipseLogger - Copying 0 resource
2013-09-25 23:26:51,257 [Worker-78] INFO  o.e.m.c.i.embedder.EclipseLogger - Using 'UTF-8' encoding to copy filtered resources.
2013-09-25 23:26:51,258 [Worker-78] INFO  o.e.m.c.i.embedder.EclipseLogger - skip non existing resourceDirectory D:\core-java\CoreJava\JDBC\JDBCIntegration\JSF-JDBC-Integration\src\test\resources
2013-09-26 08:58:19,215 [Worker-0] INFO  o.e.m.c.i.l.LifecycleMappingFactory - Using org.maven.ide.eclipse.wtp.WarLifecycleMapping lifecycle mapping for MavenProject: com.sudheer.jdbc:JSF-JDBC-Integration:0.0.1-SNAPSHOT @ D:\core-java\CoreJava\JDBC\JDBCIntegration\JSF-JDBC-Integration\pom.xml.
2013-09-26 08:58:19,213 [Worker-3] INFO  o.e.m.c.i.l.LifecycleMappingFactory - Using org.maven.ide.eclipse.wtp.WarLifecycleMapping lifecycle mapping for MavenProject: com.sudheer.jdbc:JSF-JDBC-Integration:0.0.1-SNAPSHOT @ D:\core-java\CoreJava\JDBC\JDBCIntegration\JSF-JDBC-Integration\pom.xml.
2013-09-26 08:58:46,147 [Worker-6] INFO  o.e.m.c.i.l.LifecycleMappingFactory - Using org.maven.ide.eclipse.wtp.WarLifecycleMapping lifecycle mapping for MavenProject: com.sudheer.jdbc:JSF-JDBC-Integration:0.0.1-SNAPSHOT @ D:\core-java\CoreJava\JDBC\JDBCIntegration\JSF-JDBC-Integration\pom.xml.
2013-09-26 08:58:46,194 [Worker-0] INFO  o.e.m.c.i.embedder.EclipseLogger - Using 'UTF-8' encoding to copy filtered resources.
2013-09-26 08:58:46,265 [Worker-0] INFO  o.e.m.c.i.embedder.EclipseLogger - Copying 0 resource
2013-09-26 08:58:46,270 [Worker-0] INFO  o.e.m.c.i.embedder.EclipseLogger - Using 'UTF-8' encoding to copy filtered resources.
2013-09-26 08:58:46,271 [Worker-0] INFO  o.e.m.c.i.embedder.EclipseLogger - skip non existing resourceDirectory D:\core-java\CoreJava\JDBC\JDBCIntegration\JSF-JDBC-Integration\src\test\resources
2013-09-26 08:59:43,909 [Worker-6] INFO  o.e.m.c.i.embedder.EclipseLogger - Using 'UTF-8' encoding to copy filtered resources.
2013-09-26 08:59:44,419 [Worker-6] INFO  o.e.m.c.i.embedder.EclipseLogger - Copying 0 resource
2013-09-26 08:59:44,422 [Worker-6] INFO  o.e.m.c.i.embedder.EclipseLogger - Using 'UTF-8' encoding to copy filtered resources.
2013-09-26 08:59:44,422 [Worker-6] INFO  o.e.m.c.i.embedder.EclipseLogger - skip non existing resourceDirectory D:\core-java\CoreJava\JDBC\JDBCIntegration\JSF-JDBC-Integration\src\test\resources
2013-09-26 21:19:55,584 [Worker-18] INFO  o.e.m.c.i.embedder.EclipseLogger - Using 'UTF-8' encoding to copy filtered resources.
2013-09-26 21:19:56,282 [Worker-18] INFO  o.e.m.c.i.embedder.EclipseLogger - Copying 0 resource
2013-09-26 21:19:56,285 [Worker-18] INFO  o.e.m.c.i.embedder.EclipseLogger - Using 'UTF-8' encoding to copy filtered resources.
2013-09-26 21:19:56,286 [Worker-18] INFO  o.e.m.c.i.embedder.EclipseLogger - skip non existing resourceDirectory D:\core-java\CoreJava\JDBC\JDBCIntegration\JSF-JDBC-Integration\src\test\resources
2013-09-26 21:20:29,784 [Worker-19] INFO  o.e.m.c.i.embedder.EclipseLogger - Using 'UTF-8' encoding to copy filtered resources.
2013-09-26 21:20:29,785 [Worker-19] INFO  o.e.m.c.i.embedder.EclipseLogger - Copying 0 resource
2013-09-26 21:20:29,787 [Worker-19] INFO  o.e.m.c.i.embedder.EclipseLogger - Using 'UTF-8' encoding to copy filtered resources.
2013-09-26 21:20:29,787 [Worker-19] INFO  o.e.m.c.i.embedder.EclipseLogger - skip non existing resourceDirectory D:\core-java\CoreJava\JDBC\JDBCIntegration\JSF-JDBC-Integration\src\test\resources
2013-09-26 22:45:43,035 [Worker-27] INFO  o.e.m.c.i.embedder.EclipseLogger - Using 'UTF-8' encoding to copy filtered resources.
2013-09-26 22:45:43,110 [Worker-27] INFO  o.e.m.c.i.embedder.EclipseLogger - Copying 0 resource
2013-09-26 22:45:43,112 [Worker-27] INFO  o.e.m.c.i.embedder.EclipseLogger - Using 'UTF-8' encoding to copy filtered resources.
2013-09-26 22:45:43,112 [Worker-27] INFO  o.e.m.c.i.embedder.EclipseLogger - skip non existing resourceDirectory D:\core-java\CoreJava\JDBC\JDBCIntegration\JSF-JDBC-Integration\src\test\resources
2013-09-26 22:46:02,885 [Worker-28] INFO  o.e.m.c.i.embedder.EclipseLogger - Using 'UTF-8' encoding to copy filtered resources.
2013-09-26 22:46:02,885 [Worker-28] INFO  o.e.m.c.i.embedder.EclipseLogger - Copying 0 resource
2013-09-26 22:46:02,889 [Worker-28] INFO  o.e.m.c.i.embedder.EclipseLogger - Using 'UTF-8' encoding to copy filtered resources.
2013-09-26 22:46:02,889 [Worker-28] INFO  o.e.m.c.i.embedder.EclipseLogger - skip non existing resourceDirectory D:\core-java\CoreJava\JDBC\JDBCIntegration\JSF-JDBC-Integration\src\test\resources
2013-09-26 23:09:54,348 [Worker-33] INFO  o.e.m.c.i.embedder.EclipseLogger - Using 'UTF-8' encoding to copy filtered resources.
2013-09-26 23:09:54,348 [Worker-33] INFO  o.e.m.c.i.embedder.EclipseLogger - Copying 0 resource
2013-09-26 23:09:54,350 [Worker-33] INFO  o.e.m.c.i.embedder.EclipseLogger - Using 'UTF-8' encoding to copy filtered resources.
2013-09-26 23:09:54,351 [Worker-33] INFO  o.e.m.c.i.embedder.EclipseLogger - skip non existing resourceDirectory D:\core-java\CoreJava\JDBC\JDBCIntegration\JSF-JDBC-Integration\src\test\resources
2013-09-26 23:10:34,894 [Worker-36] INFO  o.e.m.c.i.embedder.EclipseLogger - Using 'UTF-8' encoding to copy filtered resources.
2013-09-26 23:10:34,895 [Worker-36] INFO  o.e.m.c.i.embedder.EclipseLogger - Copying 0 resource
2013-09-26 23:10:34,897 [Worker-36] INFO  o.e.m.c.i.embedder.EclipseLogger - Using 'UTF-8' encoding to copy filtered resources.
2013-09-26 23:10:34,898 [Worker-36] INFO  o.e.m.c.i.embedder.EclipseLogger - skip non existing resourceDirectory D:\core-java\CoreJava\JDBC\JDBCIntegration\JSF-JDBC-Integration\src\test\resources
2013-09-26 23:11:47,491 [Worker-33] INFO  o.e.m.c.i.embedder.EclipseLogger - Using 'UTF-8' encoding to copy filtered resources.
2013-09-26 23:11:47,491 [Worker-33] INFO  o.e.m.c.i.embedder.EclipseLogger - Copying 0 resource
2013-09-26 23:11:47,493 [Worker-33] INFO  o.e.m.c.i.embedder.EclipseLogger - Using 'UTF-8' encoding to copy filtered resources.
2013-09-26 23:11:47,494 [Worker-33] INFO  o.e.m.c.i.embedder.EclipseLogger - skip non existing resourceDirectory D:\core-java\CoreJava\JDBC\JDBCIntegration\JSF-JDBC-Integration\src\test\resources
2013-09-26 23:11:48,545 [Worker-33] INFO  o.e.m.c.i.embedder.EclipseLogger - Using 'UTF-8' encoding to copy filtered resources.
2013-09-26 23:11:48,546 [Worker-33] INFO  o.e.m.c.i.embedder.EclipseLogger - Copying 0 resource
2013-09-26 23:11:48,550 [Worker-33] INFO  o.e.m.c.i.embedder.EclipseLogger - Using 'UTF-8' encoding to copy filtered resources.
2013-09-26 23:11:48,551 [Worker-33] INFO  o.e.m.c.i.embedder.EclipseLogger - skip non existing resourceDirectory D:\core-java\CoreJava\JDBC\JDBCIntegration\JSF-JDBC-Integration\src\test\resources
2013-09-26 23:17:03,509 [Worker-34] INFO  o.e.m.c.i.embedder.EclipseLogger - Using 'UTF-8' encoding to copy filtered resources.
2013-09-26 23:17:03,510 [Worker-34] INFO  o.e.m.c.i.embedder.EclipseLogger - Copying 0 resource
2013-09-26 23:17:03,512 [Worker-34] INFO  o.e.m.c.i.embedder.EclipseLogger - Using 'UTF-8' encoding to copy filtered resources.
2013-09-26 23:17:03,513 [Worker-34] INFO  o.e.m.c.i.embedder.EclipseLogger - skip non existing resourceDirectory D:\core-java\CoreJava\JDBC\JDBCIntegration\JSF-JDBC-Integration\src\test\resources
2013-09-26 23:17:04,630 [Worker-37] INFO  o.e.m.c.i.embedder.EclipseLogger - Using 'UTF-8' encoding to copy filtered resources.
2013-09-26 23:17:04,631 [Worker-37] INFO  o.e.m.c.i.embedder.EclipseLogger - Copying 0 resource
2013-09-26 23:17:04,633 [Worker-37] INFO  o.e.m.c.i.embedder.EclipseLogger - Using 'UTF-8' encoding to copy filtered resources.
2013-09-26 23:17:04,634 [Worker-37] INFO  o.e.m.c.i.embedder.EclipseLogger - skip non existing resourceDirectory D:\core-java\CoreJava\JDBC\JDBCIntegration\JSF-JDBC-Integration\src\test\resources
2013-09-26 23:20:57,570 [Worker-38] INFO  o.e.m.c.i.embedder.EclipseLogger - Using 'UTF-8' encoding to copy filtered resources.
2013-09-26 23:20:57,571 [Worker-38] INFO  o.e.m.c.i.embedder.EclipseLogger - Copying 0 resource
2013-09-26 23:20:57,573 [Worker-38] INFO  o.e.m.c.i.embedder.EclipseLogger - Using 'UTF-8' encoding to copy filtered resources.
2013-09-26 23:20:57,573 [Worker-38] INFO  o.e.m.c.i.embedder.EclipseLogger - skip non existing resourceDirectory D:\core-java\CoreJava\JDBC\JDBCIntegration\JSF-JDBC-Integration\src\test\resources
2013-09-26 23:20:58,349 [ModalContext] INFO  o.e.m.c.i.embedder.EclipseLogger - Using 'UTF-8' encoding to copy filtered resources.
2013-09-26 23:20:58,350 [ModalContext] INFO  o.e.m.c.i.embedder.EclipseLogger - Copying 0 resource
2013-09-26 23:20:58,352 [ModalContext] INFO  o.e.m.c.i.embedder.EclipseLogger - Using 'UTF-8' encoding to copy filtered resources.
2013-09-26 23:20:58,352 [ModalContext] INFO  o.e.m.c.i.embedder.EclipseLogger - skip non existing resourceDirectory D:\core-java\CoreJava\JDBC\JDBCIntegration\JSF-JDBC-Integration\src\test\resources
2013-09-26 23:21:09,083 [ModalContext] INFO  o.e.m.c.i.embedder.EclipseLogger - Using 'UTF-8' encoding to copy filtered resources.
2013-09-26 23:21:09,087 [ModalContext] INFO  o.e.m.c.i.embedder.EclipseLogger - Copying 0 resource
2013-09-26 23:21:09,089 [ModalContext] INFO  o.e.m.c.i.embedder.EclipseLogger - Using 'UTF-8' encoding to copy filtered resources.
2013-09-26 23:21:09,090 [ModalContext] INFO  o.e.m.c.i.embedder.EclipseLogger - skip non existing resourceDirectory D:\core-java\CoreJava\JDBC\JDBCIntegration\JSF-JDBC-Integration\src\test\resources
2013-09-26 23:21:11,586 [Worker-38] INFO  o.e.m.c.i.embedder.EclipseLogger - Using 'UTF-8' encoding to copy filtered resources.
2013-09-26 23:21:11,587 [Worker-38] INFO  o.e.m.c.i.embedder.EclipseLogger - Copying 0 resource
2013-09-26 23:21:11,591 [Worker-38] INFO  o.e.m.c.i.embedder.EclipseLogger - Using 'UTF-8' encoding to copy filtered resources.
2013-09-26 23:21:11,591 [Worker-38] INFO  o.e.m.c.i.embedder.EclipseLogger - skip non existing resourceDirectory D:\core-java\CoreJava\JDBC\JDBCIntegration\JSF-JDBC-Integration\src\test\resources
2013-09-26 23:21:21,413 [Worker-36] INFO  o.e.m.c.i.embedder.EclipseLogger - Using 'UTF-8' encoding to copy filtered resources.
2013-09-26 23:21:21,413 [Worker-36] INFO  o.e.m.c.i.embedder.EclipseLogger - Copying 0 resource
2013-09-26 23:21:21,416 [Worker-36] INFO  o.e.m.c.i.embedder.EclipseLogger - Using 'UTF-8' encoding to copy filtered resources.
2013-09-26 23:21:21,416 [Worker-36] INFO  o.e.m.c.i.embedder.EclipseLogger - skip non existing resourceDirectory D:\core-java\CoreJava\JDBC\JDBCIntegration\JSF-JDBC-Integration\src\test\resources
2013-09-26 23:21:28,201 [Worker-39] INFO  o.e.m.c.i.embedder.EclipseLogger - Using 'UTF-8' encoding to copy filtered resources.
2013-09-26 23:21:28,202 [Worker-39] INFO  o.e.m.c.i.embedder.EclipseLogger - Copying 0 resource
2013-09-26 23:21:28,204 [Worker-39] INFO  o.e.m.c.i.embedder.EclipseLogger - Using 'UTF-8' encoding to copy filtered resources.
2013-09-26 23:21:28,204 [Worker-39] INFO  o.e.m.c.i.embedder.EclipseLogger - skip non existing resourceDirectory D:\core-java\CoreJava\JDBC\JDBCIntegration\JSF-JDBC-Integration\src\test\resources
2013-09-26 23:22:06,117 [Worker-40] INFO  o.e.m.c.i.embedder.EclipseLogger - Using 'UTF-8' encoding to copy filtered resources.
2013-09-26 23:22:06,118 [Worker-40] INFO  o.e.m.c.i.embedder.EclipseLogger - Copying 0 resource
2013-09-26 23:22:06,120 [Worker-40] INFO  o.e.m.c.i.embedder.EclipseLogger - Using 'UTF-8' encoding to copy filtered resources.
2013-09-26 23:22:06,120 [Worker-40] INFO  o.e.m.c.i.embedder.EclipseLogger - skip non existing resourceDirectory D:\core-java\CoreJava\JDBC\JDBCIntegration\JSF-JDBC-Integration\src\test\resources
2013-09-26 23:22:20,195 [Worker-40] INFO  o.e.m.c.i.embedder.EclipseLogger - Using 'UTF-8' encoding to copy filtered resources.
2013-09-26 23:22:20,196 [Worker-40] INFO  o.e.m.c.i.embedder.EclipseLogger - Copying 0 resource
2013-09-26 23:22:20,200 [Worker-40] INFO  o.e.m.c.i.embedder.EclipseLogger - Using 'UTF-8' encoding to copy filtered resources.
2013-09-26 23:22:20,200 [Worker-40] INFO  o.e.m.c.i.embedder.EclipseLogger - skip non existing resourceDirectory D:\core-java\CoreJava\JDBC\JDBCIntegration\JSF-JDBC-Integration\src\test\resources
2013-09-26 23:22:27,025 [Worker-41] INFO  o.e.m.c.i.embedder.EclipseLogger - Using 'UTF-8' encoding to copy filtered resources.
2013-09-26 23:22:27,025 [Worker-41] INFO  o.e.m.c.i.embedder.EclipseLogger - Copying 0 resource
2013-09-26 23:22:27,028 [Worker-41] INFO  o.e.m.c.i.embedder.EclipseLogger - Using 'UTF-8' encoding to copy filtered resources.
2013-09-26 23:22:27,028 [Worker-41] INFO  o.e.m.c.i.embedder.EclipseLogger - skip non existing resourceDirectory D:\core-java\CoreJava\JDBC\JDBCIntegration\JSF-JDBC-Integration\src\test\resources
2013-09-26 23:22:44,414 [Worker-39] INFO  o.e.m.c.i.embedder.EclipseLogger - Using 'UTF-8' encoding to copy filtered resources.
2013-09-26 23:22:44,415 [Worker-39] INFO  o.e.m.c.i.embedder.EclipseLogger - Copying 0 resource
2013-09-26 23:22:44,417 [Worker-39] INFO  o.e.m.c.i.embedder.EclipseLogger - Using 'UTF-8' encoding to copy filtered resources.
2013-09-26 23:22:44,418 [Worker-39] INFO  o.e.m.c.i.embedder.EclipseLogger - skip non existing resourceDirectory D:\core-java\CoreJava\JDBC\JDBCIntegration\JSF-JDBC-Integration\src\test\resources
2013-09-26 23:22:51,352 [Worker-38] INFO  o.e.m.c.i.embedder.EclipseLogger - Using 'UTF-8' encoding to copy filtered resources.
2013-09-26 23:22:51,353 [Worker-38] INFO  o.e.m.c.i.embedder.EclipseLogger - Copying 0 resource
2013-09-26 23:22:51,355 [Worker-38] INFO  o.e.m.c.i.embedder.EclipseLogger - Using 'UTF-8' encoding to copy filtered resources.
2013-09-26 23:22:51,355 [Worker-38] INFO  o.e.m.c.i.embedder.EclipseLogger - skip non existing resourceDirectory D:\core-java\CoreJava\JDBC\JDBCIntegration\JSF-JDBC-Integration\src\test\resources
2013-09-26 23:34:41,400 [Worker-43] INFO  o.e.m.c.i.embedder.EclipseLogger - Using 'UTF-8' encoding to copy filtered resources.
2013-09-26 23:34:41,400 [Worker-43] INFO  o.e.m.c.i.embedder.EclipseLogger - Copying 0 resource
2013-09-26 23:34:41,402 [Worker-43] INFO  o.e.m.c.i.embedder.EclipseLogger - Using 'UTF-8' encoding to copy filtered resources.
2013-09-26 23:34:41,403 [Worker-43] INFO  o.e.m.c.i.embedder.EclipseLogger - skip non existing resourceDirectory D:\core-java\CoreJava\JDBC\JDBCIntegration\JSF-JDBC-Integration\src\test\resources
2013-09-26 23:34:57,617 [Worker-45] INFO  o.e.m.c.i.embedder.EclipseLogger - Using 'UTF-8' encoding to copy filtered resources.
2013-09-26 23:34:57,618 [Worker-45] INFO  o.e.m.c.i.embedder.EclipseLogger - Copying 0 resource
2013-09-26 23:34:57,620 [Worker-45] INFO  o.e.m.c.i.embedder.EclipseLogger - Using 'UTF-8' encoding to copy filtered resources.
2013-09-26 23:34:57,620 [Worker-45] INFO  o.e.m.c.i.embedder.EclipseLogger - skip non existing resourceDirectory D:\core-java\CoreJava\JDBC\JDBCIntegration\JSF-JDBC-Integration\src\test\resources
2013-09-26 23:39:31,735 [Worker-44] INFO  o.e.m.c.i.embedder.EclipseLogger - Using 'UTF-8' encoding to copy filtered resources.
2013-09-26 23:39:31,971 [Worker-44] INFO  o.e.m.c.i.embedder.EclipseLogger - Copying 0 resource
2013-09-26 23:39:31,974 [Worker-44] INFO  o.e.m.c.i.embedder.EclipseLogger - Using 'UTF-8' encoding to copy filtered resources.
2013-09-26 23:39:31,974 [Worker-44] INFO  o.e.m.c.i.embedder.EclipseLogger - skip non existing resourceDirectory D:\core-java\CoreJava\JDBC\JDBCIntegration\JSF-JDBC-Integration\src\test\resources
2013-09-26 23:40:11,703 [Worker-48] INFO  o.e.m.c.i.embedder.EclipseLogger - Using 'UTF-8' encoding to copy filtered resources.
2013-09-26 23:40:11,704 [Worker-48] INFO  o.e.m.c.i.embedder.EclipseLogger - Copying 0 resource
2013-09-26 23:40:11,707 [Worker-48] INFO  o.e.m.c.i.embedder.EclipseLogger - Using 'UTF-8' encoding to copy filtered resources.
2013-09-26 23:40:11,707 [Worker-48] INFO  o.e.m.c.i.embedder.EclipseLogger - skip non existing resourceDirectory D:\core-java\CoreJava\JDBC\JDBCIntegration\JSF-JDBC-Integration\src\test\resources
2013-09-26 23:40:53,152 [Worker-43] INFO  o.e.m.c.i.embedder.EclipseLogger - Using 'UTF-8' encoding to copy filtered resources.
2013-09-26 23:40:53,153 [Worker-43] INFO  o.e.m.c.i.embedder.EclipseLogger - Copying 0 resource
2013-09-26 23:40:53,155 [Worker-43] INFO  o.e.m.c.i.embedder.EclipseLogger - Using 'UTF-8' encoding to copy filtered resources.
2013-09-26 23:40:53,156 [Worker-43] INFO  o.e.m.c.i.embedder.EclipseLogger - skip non existing resourceDirectory D:\core-java\CoreJava\JDBC\JDBCIntegration\JSF-JDBC-Integration\src\test\resources
2013-09-26 23:41:07,983 [Worker-48] INFO  o.e.m.c.i.embedder.EclipseLogger - Using 'UTF-8' encoding to copy filtered resources.
2013-09-26 23:41:07,987 [Worker-48] INFO  o.e.m.c.i.embedder.EclipseLogger - Copying 0 resource
2013-09-26 23:41:07,989 [Worker-48] INFO  o.e.m.c.i.embedder.EclipseLogger - Using 'UTF-8' encoding to copy filtered resources.
2013-09-26 23:41:07,990 [Worker-48] INFO  o.e.m.c.i.embedder.EclipseLogger - skip non existing resourceDirectory D:\core-java\CoreJava\JDBC\JDBCIntegration\JSF-JDBC-Integration\src\test\resources
2013-09-27 08:58:12,464 [Worker-57] INFO  o.e.m.c.i.embedder.EclipseLogger - Using 'UTF-8' encoding to copy filtered resources.
2013-09-27 08:58:12,604 [Worker-57] INFO  o.e.m.c.i.embedder.EclipseLogger - Copying 0 resource
2013-09-27 08:58:12,608 [Worker-57] INFO  o.e.m.c.i.embedder.EclipseLogger - Using 'UTF-8' encoding to copy filtered resources.
2013-09-27 08:58:12,609 [Worker-57] INFO  o.e.m.c.i.embedder.EclipseLogger - skip non existing resourceDirectory D:\core-java\CoreJava\JDBC\JDBCIntegration\JSF-JDBC-Integration\src\test\resources
2013-09-27 08:58:13,719 [Worker-58] INFO  o.e.m.c.i.embedder.EclipseLogger - Using 'UTF-8' encoding to copy filtered resources.
2013-09-27 08:58:13,721 [Worker-58] INFO  o.e.m.c.i.embedder.EclipseLogger - Copying 0 resource
2013-09-27 08:58:13,725 [Worker-58] INFO  o.e.m.c.i.embedder.EclipseLogger - Using 'UTF-8' encoding to copy filtered resources.
2013-09-27 08:58:13,725 [Worker-58] INFO  o.e.m.c.i.embedder.EclipseLogger - skip non existing resourceDirectory D:\core-java\CoreJava\JDBC\JDBCIntegration\JSF-JDBC-Integration\src\test\resources
2013-09-27 09:05:38,446 [Worker-59] INFO  o.e.m.c.i.embedder.EclipseLogger - Using 'UTF-8' encoding to copy filtered resources.
2013-09-27 09:05:38,453 [Worker-59] INFO  o.e.m.c.i.embedder.EclipseLogger - Copying 0 resource
2013-09-27 09:05:38,455 [Worker-59] INFO  o.e.m.c.i.embedder.EclipseLogger - Using 'UTF-8' encoding to copy filtered resources.
2013-09-27 09:05:38,456 [Worker-59] INFO  o.e.m.c.i.embedder.EclipseLogger - skip non existing resourceDirectory D:\core-java\CoreJava\JDBC\JDBCIntegration\JSF-JDBC-Integration\src\test\resources
2013-09-27 09:05:39,561 [Worker-54] INFO  o.e.m.c.i.embedder.EclipseLogger - Using 'UTF-8' encoding to copy filtered resources.
2013-09-27 09:05:39,563 [Worker-54] INFO  o.e.m.c.i.embedder.EclipseLogger - Copying 0 resource
2013-09-27 09:05:39,567 [Worker-54] INFO  o.e.m.c.i.embedder.EclipseLogger - Using 'UTF-8' encoding to copy filtered resources.
2013-09-27 09:05:39,568 [Worker-54] INFO  o.e.m.c.i.embedder.EclipseLogger - skip non existing resourceDirectory D:\core-java\CoreJava\JDBC\JDBCIntegration\JSF-JDBC-Integration\src\test\resources
2013-09-27 14:15:19,472 [Worker-69] INFO  o.e.m.c.i.embedder.EclipseLogger - Using 'UTF-8' encoding to copy filtered resources.
2013-09-27 14:15:19,497 [Worker-69] INFO  o.e.m.c.i.embedder.EclipseLogger - Copying 0 resource
2013-09-27 14:15:19,499 [Worker-69] INFO  o.e.m.c.i.embedder.EclipseLogger - Using 'UTF-8' encoding to copy filtered resources.
2013-09-27 14:15:19,502 [Worker-69] INFO  o.e.m.c.i.embedder.EclipseLogger - skip non existing resourceDirectory D:\core-java\CoreJava\JDBC\JDBCIntegration\JSF-JDBC-Integration\src\test\resources
2013-09-27 14:15:20,573 [Worker-67] INFO  o.e.m.c.i.embedder.EclipseLogger - Using 'UTF-8' encoding to copy filtered resources.
2013-09-27 14:15:20,576 [Worker-67] INFO  o.e.m.c.i.embedder.EclipseLogger - Copying 0 resource
2013-09-27 14:15:20,578 [Worker-67] INFO  o.e.m.c.i.embedder.EclipseLogger - Using 'UTF-8' encoding to copy filtered resources.
2013-09-27 14:15:20,578 [Worker-67] INFO  o.e.m.c.i.embedder.EclipseLogger - skip non existing resourceDirectory D:\core-java\CoreJava\JDBC\JDBCIntegration\JSF-JDBC-Integration\src\test\resources
2013-09-27 14:15:30,457 [Worker-67] INFO  o.e.m.c.i.embedder.EclipseLogger - Using 'UTF-8' encoding to copy filtered resources.
2013-09-27 14:15:30,458 [Worker-67] INFO  o.e.m.c.i.embedder.EclipseLogger - Copying 0 resource
2013-09-27 14:15:30,460 [Worker-67] INFO  o.e.m.c.i.embedder.EclipseLogger - Using 'UTF-8' encoding to copy filtered resources.
2013-09-27 14:15:30,460 [Worker-67] INFO  o.e.m.c.i.embedder.EclipseLogger - skip non existing resourceDirectory D:\core-java\CoreJava\JDBC\JDBCIntegration\JSF-JDBC-Integration\src\test\resources
2013-09-27 20:25:23,809 [Worker-74] INFO  o.e.m.c.i.embedder.EclipseLogger - Using 'UTF-8' encoding to copy filtered resources.
2013-09-27 20:25:23,817 [Worker-74] INFO  o.e.m.c.i.embedder.EclipseLogger - Copying 0 resource
2013-09-27 20:25:23,819 [Worker-74] INFO  o.e.m.c.i.embedder.EclipseLogger - Using 'UTF-8' encoding to copy filtered resources.
2013-09-27 20:25:23,820 [Worker-74] INFO  o.e.m.c.i.embedder.EclipseLogger - skip non existing resourceDirectory D:\core-java\CoreJava\JDBC\JDBCIntegration\JSF-JDBC-Integration\src\test\resources
2013-09-27 20:25:24,885 [Worker-74] INFO  o.e.m.c.i.embedder.EclipseLogger - Using 'UTF-8' encoding to copy filtered resources.
2013-09-27 20:25:24,886 [Worker-74] INFO  o.e.m.c.i.embedder.EclipseLogger - Copying 0 resource
2013-09-27 20:25:24,888 [Worker-74] INFO  o.e.m.c.i.embedder.EclipseLogger - Using 'UTF-8' encoding to copy filtered resources.
2013-09-27 20:25:24,889 [Worker-74] INFO  o.e.m.c.i.embedder.EclipseLogger - skip non existing resourceDirectory D:\core-java\CoreJava\JDBC\JDBCIntegration\JSF-JDBC-Integration\src\test\resources
2013-09-27 20:26:30,930 [Worker-67] INFO  o.e.m.c.i.embedder.EclipseLogger - Using 'UTF-8' encoding to copy filtered resources.
2013-09-27 20:26:30,932 [Worker-67] INFO  o.e.m.c.i.embedder.EclipseLogger - Copying 0 resource
2013-09-27 20:26:30,934 [Worker-67] INFO  o.e.m.c.i.embedder.EclipseLogger - Using 'UTF-8' encoding to copy filtered resources.
2013-09-27 20:26:30,935 [Worker-67] INFO  o.e.m.c.i.embedder.EclipseLogger - skip non existing resourceDirectory D:\core-java\CoreJava\JDBC\JDBCIntegration\JSF-JDBC-Integration\src\test\resources
2013-09-27 20:27:21,386 [Worker-69] INFO  o.e.m.c.i.embedder.EclipseLogger - Using 'UTF-8' encoding to copy filtered resources.
2013-09-27 20:27:21,387 [Worker-69] INFO  o.e.m.c.i.embedder.EclipseLogger - Copying 0 resource
2013-09-27 20:27:21,388 [Worker-69] INFO  o.e.m.c.i.embedder.EclipseLogger - Using 'UTF-8' encoding to copy filtered resources.
2013-09-27 20:27:21,389 [Worker-69] INFO  o.e.m.c.i.embedder.EclipseLogger - skip non existing resourceDirectory D:\core-java\CoreJava\JDBC\JDBCIntegration\JSF-JDBC-Integration\src\test\resources
